<?xml version="1.0" encoding="UTF-8"?>
<!-- Generated by org.testng.reporters.JUnitReportReporter -->
<testsuite hostname="krish" failures="0" tests="1" name="p1.c1" time="8.706" errors="0" timestamp="2024-11-20T18:49:38 IST" skipped="0">
  <testcase classname="p1.c1" name="d" time="8.706"/>
  <system-out/>
</testsuite> <!-- p1.c1 -->
